<?xml version="1.0" encoding="UTF-8"?>
<testsuite xmlns:xsi="http://www.w3.org/2001/XMLSchema-instance" xsi:noNamespaceSchemaLocation="https://maven.apache.org/surefire/maven-surefire-plugin/xsd/surefire-test-report.xsd" name="cucumber.Options.TestRunner" time="7.998" tests="2" errors="0" skipped="0" failures="0">
  <properties>
[...]
</properties>
  <testcase name="Verify if Place is being Sucessfully added using AddPlaceAPI" classname="Validating Place API&apos;s" time="5.694"/>
  <testcase name="verify if Delete place functionality is working" classname="Validating Place API&apos;s" time="1.335"/>
</testsuite>